c:\users\krohr\source\repos\day7oopjan\day7oopjan\x64\debug\vc143.pdb
c:\users\krohr\source\repos\day7oopjan\day7oopjan\x64\debug\vc143.idb
c:\users\krohr\source\repos\day7oopjan\day7oopjan\x64\debug\person.obj
c:\users\krohr\source\repos\day7oopjan\day7oopjan\x64\debug\monster.obj
c:\users\krohr\source\repos\day7oopjan\day7oopjan\x64\debug\menu.obj
c:\users\krohr\source\repos\day7oopjan\day7oopjan\x64\debug\gameobject.obj
c:\users\krohr\source\repos\day7oopjan\day7oopjan\x64\debug\gameengine.obj
c:\users\krohr\source\repos\day7oopjan\day7oopjan\x64\debug\day7oopjan.obj
c:\users\krohr\source\repos\day7oopjan\day7oopjan\x64\debug\combat.obj
c:\users\krohr\source\repos\day7oopjan\day7oopjan\x64\debug\character.obj
c:\users\krohr\source\repos\day7oopjan\day7oopjan\x64\debug\bag.obj
c:\users\krohr\source\repos\day7oopjan\day7oopjan\x64\debug\day7oopjan.ilk
c:\users\krohr\source\repos\day7oopjan\x64\debug\day7oopjan.exe
c:\users\krohr\source\repos\day7oopjan\x64\debug\day7oopjan.pdb
c:\users\krohr\source\repos\day7oopjan\day7oopjan\x64\debug\day7oopjan.tlog\cl.command.1.tlog
c:\users\krohr\source\repos\day7oopjan\day7oopjan\x64\debug\day7oopjan.tlog\cl.items.tlog
c:\users\krohr\source\repos\day7oopjan\day7oopjan\x64\debug\day7oopjan.tlog\cl.read.1.tlog
c:\users\krohr\source\repos\day7oopjan\day7oopjan\x64\debug\day7oopjan.tlog\cl.write.1.tlog
c:\users\krohr\source\repos\day7oopjan\day7oopjan\x64\debug\day7oopjan.tlog\link.command.1.tlog
c:\users\krohr\source\repos\day7oopjan\day7oopjan\x64\debug\day7oopjan.tlog\link.read.1.tlog
c:\users\krohr\source\repos\day7oopjan\day7oopjan\x64\debug\day7oopjan.tlog\link.write.1.tlog
